app/build/intermediates/manifest_merge_blame_file/debug/manifest-merger-blame-debug-report.txt
1<?xml version="1.0" encoding="utf-8"?>
2<manifest xmlns:android="http://schemas.android.com/apk/res/android"
3    package="br.edu.ifsul.myapp"
4    android:versionCode="1"
5    android:versionName="1.0" >
6
7    <uses-sdk
8        android:minSdkVersion="16"
8-->src\main\AndroidManifest.xml
9        android:targetSdkVersion="28" />
9-->src\main\AndroidManifest.xml
10
11    <uses-feature android:name="android.hardware.camera" /> <!-- Para o leitor de código de barras -->
11-->src\main\AndroidManifest.xml:5:5-60
11-->src\main\AndroidManifest.xml:5:19-57
12    <uses-permission android:name="android.permission.CAMERA" /> <!-- para acesso ao cartão sd -->
12-->src\main\AndroidManifest.xml:6:5-65
12-->src\main\AndroidManifest.xml:6:22-62
13    <uses-permission android:name="android.permission.READ_EXTERNAL_STORAGE" />
13-->src\main\AndroidManifest.xml:7:5-80
13-->src\main\AndroidManifest.xml:7:22-77
14
15    <!-- Although the *SdkVersion is captured in gradle build files, this is required for non gradle builds -->
16    <!-- <uses-sdk android:minSdkVersion="14"/> -->
17    <uses-permission android:name="android.permission.ACCESS_NETWORK_STATE" />
17-->[com.google.firebase:firebase-storage:16.1.0] AndroidManifest.xml:26:5-79
17-->[com.google.firebase:firebase-storage:16.1.0] AndroidManifest.xml:26:22-76
18    <uses-permission android:name="android.permission.INTERNET" />
18-->[com.google.firebase:firebase-storage:16.1.0] AndroidManifest.xml:27:5-67
18-->[com.google.firebase:firebase-storage:16.1.0] AndroidManifest.xml:27:22-64
19    <uses-permission android:name="android.permission.WAKE_LOCK" /> <!-- Required by older versions of Google Play services to create IID tokens -->
19-->[com.google.firebase:firebase-iid:17.0.4] AndroidManifest.xml:24:5-68
19-->[com.google.firebase:firebase-iid:17.0.4] AndroidManifest.xml:24:22-65
20    <uses-permission android:name="com.google.android.c2dm.permission.RECEIVE" />
20-->[com.google.firebase:firebase-iid:17.0.4] AndroidManifest.xml:26:5-82
20-->[com.google.firebase:firebase-iid:17.0.4] AndroidManifest.xml:26:22-79
21
22    <application
22-->src\main\AndroidManifest.xml:9:5-43:19
23        android:allowBackup="true"
23-->src\main\AndroidManifest.xml:10:9-35
24        android:appComponentFactory="android.support.v4.app.CoreComponentFactory"
24-->[com.android.support:support-compat:28.0.0] AndroidManifest.xml:22:18-91
25        android:debuggable="true"
26        android:icon="@drawable/ic_inicio"
26-->src\main\AndroidManifest.xml:11:9-43
27        android:label="@string/app_name"
27-->src\main\AndroidManifest.xml:12:9-41
28        android:roundIcon="@drawable/ic_inicio"
28-->src\main\AndroidManifest.xml:13:9-48
29        android:screenOrientation="portrait"
29-->src\main\AndroidManifest.xml:14:9-45
30        android:supportsRtl="true"
30-->src\main\AndroidManifest.xml:15:9-35
31        android:testOnly="true"
32        android:theme="@style/AppTheme" >
32-->src\main\AndroidManifest.xml:16:9-40
33        <activity android:name="br.edu.ifsul.myapp.activity.EquipamentoActivity" />
33-->src\main\AndroidManifest.xml:17:9-75
33-->src\main\AndroidManifest.xml:17:19-63
34        <activity
34-->src\main\AndroidManifest.xml:18:9-101
35            android:name="br.edu.ifsul.myapp.activity.OsActivity"
35-->src\main\AndroidManifest.xml:18:19-54
36            android:theme="@style/AppTheme.NoActionBar" />
36-->src\main\AndroidManifest.xml:18:55-98
37        <activity
37-->src\main\AndroidManifest.xml:19:9-21:51
38            android:name="br.edu.ifsul.myapp.activity.ClienteAdminActivity"
38-->src\main\AndroidManifest.xml:20:13-58
39            android:label="Cadastro de cliente" />
39-->src\main\AndroidManifest.xml:21:13-48
40        <activity
40-->src\main\AndroidManifest.xml:22:9-24:37
41            android:name="br.edu.ifsul.myapp.activity.SobreActivity"
41-->src\main\AndroidManifest.xml:23:13-51
42            android:label="Sobre" />
42-->src\main\AndroidManifest.xml:24:13-34
43        <activity
43-->src\main\AndroidManifest.xml:25:9-27:40
44            android:name="br.edu.ifsul.myapp.activity.ClientesActivity"
44-->src\main\AndroidManifest.xml:26:13-54
45            android:label="Clientes" />
45-->src\main\AndroidManifest.xml:27:13-37
46        <activity
46-->src\main\AndroidManifest.xml:28:9-36:20
47            android:name="br.edu.ifsul.myapp.activity.LoginActivity"
47-->src\main\AndroidManifest.xml:29:13-51
48            android:label="Sigos" >
48-->src\main\AndroidManifest.xml:30:13-34
49            <intent-filter>
49-->src\main\AndroidManifest.xml:31:13-35:29
50                <action android:name="android.intent.action.MAIN" />
50-->src\main\AndroidManifest.xml:32:17-69
50-->src\main\AndroidManifest.xml:32:25-66
51                <action android:name="android.intent.action.VIEW" />
51-->src\main\AndroidManifest.xml:33:17-69
51-->src\main\AndroidManifest.xml:33:25-66
52
53                <category android:name="android.intent.category.LAUNCHER" />
53-->src\main\AndroidManifest.xml:34:17-77
53-->src\main\AndroidManifest.xml:34:27-74
54            </intent-filter>
55        </activity>
56
57        <service android:name="br.edu.ifsul.myapp.service.MyFirebaseInstanceIDService" >
57-->src\main\AndroidManifest.xml:37:9-41:19
57-->src\main\AndroidManifest.xml:37:18-69
58            <intent-filter>
58-->src\main\AndroidManifest.xml:38:13-40:29
59                <action android:name="com.google.firebase.MESSAGING_EVENT" />
59-->src\main\AndroidManifest.xml:39:17-78
59-->src\main\AndroidManifest.xml:39:25-75
60            </intent-filter>
61        </service>
62
63        <activity
63-->[com.google.firebase:firebase-auth:16.1.0] AndroidManifest.xml:24:9-31:50
64            android:name="com.google.firebase.auth.internal.FederatedSignInActivity"
64-->[com.google.firebase:firebase-auth:16.1.0] AndroidManifest.xml:25:13-85
65            android:excludeFromRecents="true"
65-->[com.google.firebase:firebase-auth:16.1.0] AndroidManifest.xml:26:13-46
66            android:exported="true"
66-->[com.google.firebase:firebase-auth:16.1.0] AndroidManifest.xml:27:13-36
67            android:launchMode="singleTask"
67-->[com.google.firebase:firebase-auth:16.1.0] AndroidManifest.xml:28:13-44
68            android:permission="com.google.firebase.auth.api.gms.permission.LAUNCH_FEDERATED_SIGN_IN"
68-->[com.google.firebase:firebase-auth:16.1.0] AndroidManifest.xml:29:13-102
69            android:theme="@android:style/Theme.Translucent.NoTitleBar" />
69-->[com.google.firebase:firebase-auth:16.1.0] AndroidManifest.xml:30:13-72
70
71        <service
71-->[com.google.firebase:firebase-auth:16.1.0] AndroidManifest.xml:33:9-39:19
72            android:name="com.google.firebase.components.ComponentDiscoveryService"
72-->[com.google.firebase:firebase-auth:16.1.0] AndroidManifest.xml:34:13-84
73            android:exported="false" >
73-->[com.google.firebase:firebase-auth:16.1.0] AndroidManifest.xml:35:13-37
74            <meta-data
74-->[com.google.firebase:firebase-auth:16.1.0] AndroidManifest.xml:36:13-38:85
75                android:name="com.google.firebase.components:com.google.firebase.auth.FirebaseAuthRegistrar"
75-->[com.google.firebase:firebase-auth:16.1.0] AndroidManifest.xml:37:17-109
76                android:value="com.google.firebase.components.ComponentRegistrar" />
76-->[com.google.firebase:firebase-auth:16.1.0] AndroidManifest.xml:38:17-82
77            <meta-data
77-->[com.google.firebase:firebase-storage:16.1.0] AndroidManifest.xml:31:13-33:85
78                android:name="com.google.firebase.components:com.google.firebase.storage.StorageRegistrar"
78-->[com.google.firebase:firebase-storage:16.1.0] AndroidManifest.xml:32:17-107
79                android:value="com.google.firebase.components.ComponentRegistrar" />
79-->[com.google.firebase:firebase-storage:16.1.0] AndroidManifest.xml:33:17-82
80            <meta-data
80-->[com.google.firebase:firebase-iid:17.0.4] AndroidManifest.xml:32:13-34:85
81                android:name="com.google.firebase.components:com.google.firebase.iid.Registrar"
81-->[com.google.firebase:firebase-iid:17.0.4] AndroidManifest.xml:33:17-96
82                android:value="com.google.firebase.components.ComponentRegistrar" />
82-->[com.google.firebase:firebase-iid:17.0.4] AndroidManifest.xml:34:17-82
83        </service>
84        <!--
85             FirebaseMessagingService performs security checks at runtime,
86             no need for explicit permissions despite exported="true"
87        -->
88        <service
88-->[com.google.firebase:firebase-messaging:17.3.4] AndroidManifest.xml:28:9-34:19
89            android:name="com.google.firebase.messaging.FirebaseMessagingService"
89-->[com.google.firebase:firebase-messaging:17.3.4] AndroidManifest.xml:29:13-82
90            android:exported="true" >
90-->[com.google.firebase:firebase-messaging:17.3.4] AndroidManifest.xml:30:13-36
91            <intent-filter android:priority="-500" >
91-->src\main\AndroidManifest.xml:38:13-40:29
92                <action android:name="com.google.firebase.MESSAGING_EVENT" />
92-->src\main\AndroidManifest.xml:39:17-78
92-->src\main\AndroidManifest.xml:39:25-75
93            </intent-filter>
94        </service>
95
96        <receiver
96-->[com.google.firebase:firebase-iid:17.0.4] AndroidManifest.xml:37:9-44:20
97            android:name="com.google.firebase.iid.FirebaseInstanceIdReceiver"
97-->[com.google.firebase:firebase-iid:17.0.4] AndroidManifest.xml:38:13-78
98            android:exported="true"
98-->[com.google.firebase:firebase-iid:17.0.4] AndroidManifest.xml:39:13-36
99            android:permission="com.google.android.c2dm.permission.SEND" >
99-->[com.google.firebase:firebase-iid:17.0.4] AndroidManifest.xml:40:13-73
100            <intent-filter>
100-->[com.google.firebase:firebase-iid:17.0.4] AndroidManifest.xml:41:13-43:29
101                <action android:name="com.google.android.c2dm.intent.RECEIVE" />
101-->[com.google.firebase:firebase-iid:17.0.4] AndroidManifest.xml:42:17-81
101-->[com.google.firebase:firebase-iid:17.0.4] AndroidManifest.xml:42:25-78
102            </intent-filter>
103        </receiver>
104        <!--
105             FirebaseInstanceIdService performs security checks at runtime,
106             no need for explicit permissions despite exported="true"
107        -->
108        <service
108-->[com.google.firebase:firebase-iid:17.0.4] AndroidManifest.xml:50:9-56:19
109            android:name="com.google.firebase.iid.FirebaseInstanceIdService"
109-->[com.google.firebase:firebase-iid:17.0.4] AndroidManifest.xml:51:13-77
110            android:exported="true" >
110-->[com.google.firebase:firebase-iid:17.0.4] AndroidManifest.xml:52:13-36
111            <intent-filter android:priority="-500" >
111-->[com.google.firebase:firebase-iid:17.0.4] AndroidManifest.xml:53:13-55:29
111-->[com.google.firebase:firebase-iid:17.0.4] AndroidManifest.xml:53:28-51
112                <action android:name="com.google.firebase.INSTANCE_ID_EVENT" />
112-->[com.google.firebase:firebase-iid:17.0.4] AndroidManifest.xml:54:17-80
112-->[com.google.firebase:firebase-iid:17.0.4] AndroidManifest.xml:54:25-77
113            </intent-filter>
114        </service>
115
116        <activity
116-->[com.google.android.gms:play-services-base:16.0.1] AndroidManifest.xml:23:9-26:75
117            android:name="com.google.android.gms.common.api.GoogleApiActivity"
117-->[com.google.android.gms:play-services-base:16.0.1] AndroidManifest.xml:24:13-79
118            android:exported="false"
118-->[com.google.android.gms:play-services-base:16.0.1] AndroidManifest.xml:25:13-37
119            android:theme="@android:style/Theme.Translucent.NoTitleBar" />
119-->[com.google.android.gms:play-services-base:16.0.1] AndroidManifest.xml:26:13-72
120
121        <provider
121-->[com.google.firebase:firebase-common:16.1.0] AndroidManifest.xml:12:9-16:39
122            android:name="com.google.firebase.provider.FirebaseInitProvider"
122-->[com.google.firebase:firebase-common:16.1.0] AndroidManifest.xml:13:13-77
123            android:authorities="br.edu.ifsul.myapp.firebaseinitprovider"
123-->[com.google.firebase:firebase-common:16.1.0] AndroidManifest.xml:14:13-72
124            android:exported="false"
124-->[com.google.firebase:firebase-common:16.1.0] AndroidManifest.xml:15:13-37
125            android:initOrder="100" />
125-->[com.google.firebase:firebase-common:16.1.0] AndroidManifest.xml:16:13-36
126
127        <meta-data
127-->[com.google.android.gms:play-services-basement:16.1.0] AndroidManifest.xml:23:9-25:69
128            android:name="com.google.android.gms.version"
128-->[com.google.android.gms:play-services-basement:16.1.0] AndroidManifest.xml:24:13-58
129            android:value="@integer/google_play_services_version" />
129-->[com.google.android.gms:play-services-basement:16.1.0] AndroidManifest.xml:25:13-66
130    </application>
131
132</manifest>